<?xml version="1.0" encoding="UTF-8"?>
<robot generator="Robot 4.1.3 (Python 3.10.2 on win32)" generated="20220610 14:57:41.474" rpa="false" schemaversion="2">
<suite id="s1" name="Validzipcode" source="C:\projectzip\test\validzipcode.robot">
<test id="s1-t1" name="VALIDATE CODE">
<kw name="New Session" library="actions" type="SETUP">
<kw name="Open Browser" library="SeleniumLibrary">
<arg>${url}</arg>
<arg>${browser}</arg>
<doc>Opens a new browser instance to the optional ``url``.</doc>
<msg timestamp="20220610 14:57:41.838" level="INFO">Opening browser 'chrome' to base url 'http://www.republicavirtual.com.br/cep/exemplos.php'.</msg>
<status status="PASS" starttime="20220610 14:57:41.837" endtime="20220610 14:57:45.843"/>
</kw>
<kw name="Maximize Browser Window" library="SeleniumLibrary">
<doc>Maximizes current browser window.</doc>
<status status="PASS" starttime="20220610 14:57:45.843" endtime="20220610 14:57:45.978"/>
</kw>
<status status="PASS" starttime="20220610 14:57:41.837" endtime="20220610 14:57:45.979"/>
</kw>
<kw name="Input Zip Code" library="actions">
<kw name="Input Text" library="SeleniumLibrary">
<arg>${InputZip}</arg>
<arg>${ZipCode}</arg>
<doc>Types the given ``text`` into the text field identified by ``locator``.</doc>
<msg timestamp="20220610 14:57:45.981" level="INFO">Typing text '55002010' into text field 'xpath=//input[@id="campoCEP"]'.</msg>
<status status="PASS" starttime="20220610 14:57:45.980" endtime="20220610 14:57:46.152"/>
</kw>
<kw name="Click Element" library="SeleniumLibrary">
<arg>${ButtonFind}</arg>
<doc>Click the element identified by ``locator``.</doc>
<msg timestamp="20220610 14:57:46.152" level="INFO">Clicking element 'xpath=//input[@value="buscar cep"]'.</msg>
<status status="PASS" starttime="20220610 14:57:46.152" endtime="20220610 14:57:46.229"/>
</kw>
<status status="PASS" starttime="20220610 14:57:45.980" endtime="20220610 14:57:46.229"/>
</kw>
<kw name="Valid Zip" library="actions">
<kw name="Wait Until Element Is Visible" library="SeleniumLibrary">
<arg>${Sucess}</arg>
<doc>Waits until the element ``locator`` is visible.</doc>
<status status="PASS" starttime="20220610 14:57:46.233" endtime="20220610 14:57:46.510"/>
</kw>
<status status="PASS" starttime="20220610 14:57:46.232" endtime="20220610 14:57:46.511"/>
</kw>
<kw name="Valid Adress" library="actions">
<kw name="Page Should Contain" library="SeleniumLibrary">
<arg>${Street}</arg>
<doc>Verifies that current page contains ``text``.</doc>
<msg timestamp="20220610 14:57:46.530" level="INFO">Current page contains text 'Presidente Afonso Pena'.</msg>
<status status="PASS" starttime="20220610 14:57:46.512" endtime="20220610 14:57:46.530"/>
</kw>
<kw name="Page Should Contain" library="SeleniumLibrary">
<arg>${City}</arg>
<doc>Verifies that current page contains ``text``.</doc>
<msg timestamp="20220610 14:57:46.548" level="INFO">Current page contains text 'Caruaru'.</msg>
<status status="PASS" starttime="20220610 14:57:46.531" endtime="20220610 14:57:46.548"/>
</kw>
<kw name="Page Should Contain" library="SeleniumLibrary">
<arg>${State}</arg>
<doc>Verifies that current page contains ``text``.</doc>
<msg timestamp="20220610 14:57:46.566" level="INFO">Current page contains text 'PE'.</msg>
<status status="PASS" starttime="20220610 14:57:46.548" endtime="20220610 14:57:46.566"/>
</kw>
<status status="PASS" starttime="20220610 14:57:46.511" endtime="20220610 14:57:46.567"/>
</kw>
<kw name="End Session" library="actions" type="TEARDOWN">
<kw name="Capture Page Screenshot" library="SeleniumLibrary">
<doc>Takes a screenshot of the current page and embeds it into a log file.</doc>
<msg timestamp="20220610 14:57:46.675" level="INFO" html="true">&lt;/td&gt;&lt;/tr&gt;&lt;tr&gt;&lt;td colspan="3"&gt;&lt;a href="selenium-screenshot-1.png"&gt;&lt;img src="selenium-screenshot-1.png" width="800px"&gt;&lt;/a&gt;</msg>
<status status="PASS" starttime="20220610 14:57:46.569" endtime="20220610 14:57:46.675"/>
</kw>
<kw name="Close Browser" library="SeleniumLibrary">
<doc>Closes the current browser.</doc>
<status status="PASS" starttime="20220610 14:57:46.675" endtime="20220610 14:57:49.158"/>
</kw>
<status status="PASS" starttime="20220610 14:57:46.568" endtime="20220610 14:57:49.159"/>
</kw>
<status status="PASS" starttime="20220610 14:57:41.834" endtime="20220610 14:57:49.162"/>
</test>
<doc>Test File , Developer: Alan Patriota</doc>
<status status="PASS" starttime="20220610 14:57:41.477" endtime="20220610 14:57:49.173"/>
</suite>
<statistics>
<total>
<stat pass="1" fail="0" skip="0">All Tests</stat>
</total>
<tag>
</tag>
<suite>
<stat pass="1" fail="0" skip="0" id="s1" name="Validzipcode">Validzipcode</stat>
</suite>
</statistics>
<errors>
</errors>
</robot>
